#
# A fatal error has been detected by the Java Runtime Environment:
#
#  EXCEPTION_ACCESS_VIOLATION (0xc0000005) at pc=0x00000000689e48b1, pid=8680, tid=0x00000000000100ac
#
# JRE version: OpenJDK Runtime Environment (8.0_152-b02) (build 1.8.0_152-release-1024-b02)
# Java VM: OpenJDK 64-Bit Server VM (25.152-b02 mixed mode windows-amd64 compressed oops)
# Problematic frame:
# V  [jvm.dll+0x2148b1]
#
# Failed to write core dump. Minidumps are not enabled by default on client versions of Windows
#
# If you would like to submit a bug report, please visit:
#   http://bugreport.java.com/bugreport/crash.jsp
#

---------------  T H R E A D  ---------------

Current thread (0x0000000057b52000):  JavaThread "Task worker for ':' Thread 5" [_thread_in_vm, id=65708, stack(0x0000000062bb0000,0x0000000062cb0000)]

siginfo: ExceptionCode=0xc0000005, reading address 0xffffffffffffffff

Registers:
RAX=0xe60619e0e6411848, RBX=0xe60619e0e6411848, RCX=0x0000000000000000, RDX=0x00000000e667ce30
RSP=0x0000000062cacb10, RBP=0x0000000057b52000, RSI=0x00000000e667ce30, RDI=0x000000005d6f2738
R8 =0xe60619e0e6411848, R9 =0x0000000000000000, R10=0x000007fef1d262a4, R11=0x00000000e667ce30
R12=0x0000000000000000, R13=0x0000007fffffff00, R14=0x0000000062cacc30, R15=0x0000000057b52000
RIP=0x00000000689e48b1, EFLAGS=0x0000000000010286

Top of Stack: (sp=0x0000000062cacb10)
0x0000000062cacb10:   00000000e5c2d220 00000000689276f3
0x0000000062cacb20:   0000000062cacbb0 00000000689276f3
0x0000000062cacb30:   0000000057b52000 00000000e5f51460
0x0000000062cacb40:   0000000057b52000 0000000062cacc30
0x0000000062cacb50:   0000007fffffff00 0000000000000000
0x0000000062cacb60:   00000000e667ce30 00000000689e58d6
0x0000000062cacb70:   e60619e0e6411848 0000000062cacc40
0x0000000062cacb80:   0000000057b52000 0000000062cacbf0
0x0000000062cacb90:   0000000000000000 0000000062cacc00
0x0000000062cacba0:   0000000000000000 000000006892767e
0x0000000062cacbb0:   0000000062cacc40 0000000000000000
0x0000000062cacbc0:   0000000057b52000 0000000002bb8954
0x0000000062cacbd0:   00000000e8de2408 0000000002bb8954
0x0000000062cacbe0:   00000000e667ce30 0000000062cacc40
0x0000000062cacbf0:   0000000015e5e5a8 00000000e8de29f0
0x0000000062cacc00:   00000000e667ce30 0000000002bbc208 

Instructions: (pc=0x00000000689e48b1)
0x00000000689e4891:   05 86 83 55 00 33 c9 89 47 68 ff 15 ff ce 56 00
0x00000000689e48a1:   48 3b c3 0f 85 37 01 00 00 48 8b c3 48 83 e0 fd
0x00000000689e48b1:   48 8b 00 48 89 07 48 89 5f 18 4c 89 67 28 48 89
0x00000000689e48c1:   77 08 48 8b 06 48 85 c0 74 24 4c 8d 0d 06 ce 3b 


Register to memory mapping:

RAX=0xe60619e0e6411848 is an unknown value
RBX=0xe60619e0e6411848 is an unknown value
RCX=0x0000000000000000 is an unknown value
RDX=0x00000000e667ce30 is an oop

[error occurred during error reporting (printing register info), id 0xc0000005]

Stack: [0x0000000062bb0000,0x0000000062cb0000],  sp=0x0000000062cacb10,  free space=1010k
Native frames: (J=compiled Java code, j=interpreted, Vv=VM code, C=native code)
V  [jvm.dll+0x2148b1]
V  [jvm.dll+0x2158d6]
V  [jvm.dll+0x15767e]
C  0x0000000002bb8954

Java frames: (J=compiled Java code, j=interpreted, Vv=VM code)
J 1298  java.lang.System.identityHashCode(Ljava/lang/Object;)I (0 bytes) @ 0x0000000002bb88d2 [0x0000000002bb8880+0x52]
J 10064 C2 com.android.tools.r8.dex.VirtualFile$IndexedItemTransaction.maybeInsert(Lcom/android/tools/r8/graph/DexItem;Ljava/util/Set;Ljava/util/Set;)Z (32 bytes) @ 0x00000000043fb7e4 [0x00000000043faa60+0xd84]
J 10091 C2 com.android.tools.r8.dex.VirtualFile$IndexedItemTransaction.addField(Lcom/android/tools/r8/graph/DexField;)Z (17 bytes) @ 0x00000000043de394 [0x00000000043de360+0x34]
J 18816 C2 com.android.tools.r8.dex.VirtualFile.access$1000(Lcom/android/tools/r8/dex/VirtualFile;Lcom/android/tools/r8/graph/DexProgramClass;)V (6 bytes) @ 0x00000000059ffb7c [0x00000000059ff6c0+0x4bc]
j  com.android.tools.r8.dex.VirtualFile$PackageSplitPopulator.call()Ljava/util/Map;+256
j  com.android.tools.r8.dex.VirtualFile$FillFilesDistributor.run()Ljava/util/Collection;+212
j  com.android.tools.r8.dex.ApplicationWriter.distribute()Ljava/lang/Iterable;+98
j  com.android.tools.r8.dex.ApplicationWriter.write(Ljava/util/concurrent/ExecutorService;)V+100
j  com.android.tools.r8.D8.run(Lcom/android/tools/r8/utils/AndroidApp;Lcom/android/tools/r8/utils/InternalOptions;Ljava/util/concurrent/ExecutorService;)V+123
j  com.android.tools.r8.D8.lambda$run$0(Lcom/android/tools/r8/utils/AndroidApp;Lcom/android/tools/r8/utils/InternalOptions;Ljava/util/concurrent/ExecutorService;)V+3
j  com.android.tools.r8.D8$$Lambda$481.run()V+12
j  com.android.tools.r8.utils.ExceptionUtils.withCompilationHandler(Lcom/android/tools/r8/utils/Reporter;Lcom/android/tools/r8/utils/ExceptionUtils$CompileAction;Lcom/android/tools/r8/utils/ExceptionUtils$Compiler;)V+1
j  com.android.tools.r8.utils.ExceptionUtils.withD8CompilationHandler(Lcom/android/tools/r8/utils/Reporter;Lcom/android/tools/r8/utils/ExceptionUtils$CompileAction;)V+5
j  com.android.tools.r8.D8.run(Lcom/android/tools/r8/D8Command;)V+27
j  com.android.builder.dexing.D8DexArchiveMerger.mergeDexArchives(Ljava/lang/Iterable;Ljava/nio/file/Path;Ljava/nio/file/Path;Lcom/android/builder/dexing/DexingType;)V+384
j  com.android.build.gradle.internal.transforms.DexMergerTransformCallable.call()Ljava/lang/Void;+167
j  com.android.build.gradle.internal.transforms.DexMergerTransformCallable.call()Ljava/lang/Object;+1
J 18780 C2 java.util.concurrent.ForkJoinTask.doExec()I (37 bytes) @ 0x000000000366ecac [0x000000000366ea20+0x28c]
j  java.util.concurrent.ForkJoinTask.externalAwaitDone()I+32
J 9778 C1 java.util.concurrent.ForkJoinTask.doJoin()I (75 bytes) @ 0x00000000042f6f84 [0x00000000042f6a00+0x584]
j  java.util.concurrent.ForkJoinTask.join()Ljava/lang/Object;+1
j  com.android.build.gradle.internal.transforms.DexMergerTransform$$Lambda$478.accept(Ljava/lang/Object;)V+4
j  com.google.common.collect.ImmutableList.forEach(Ljava/util/function/Consumer;)V+23
j  com.android.build.gradle.internal.transforms.DexMergerTransform.transform(Lcom/android/build/api/transform/TransformInvocation;)V+185
j  com.android.build.gradle.internal.pipeline.TransformTask$2.call()Ljava/lang/Void;+103
j  com.android.build.gradle.internal.pipeline.TransformTask$2.call()Ljava/lang/Object;+1
j  com.android.builder.profile.ThreadRecorder.record(Lcom/google/wireless/android/sdk/stats/GradleBuildProfileSpan$ExecutionType;Lcom/google/wireless/android/sdk/stats/GradleTransformExecution;Ljava/lang/String;Ljava/lang/String;Lcom/android/builder/profile/Recorder$Block;)Ljava/lang/Object;+17
j  com.android.build.gradle.internal.pipeline.TransformTask.transform(Lorg/gradle/api/tasks/incremental/IncrementalTaskInputs;)V+192
j  sun.reflect.GeneratedMethodAccessor305.invoke(Ljava/lang/Object;[Ljava/lang/Object;)Ljava/lang/Object;+40
J 6140 C2 java.lang.reflect.Method.invoke(Ljava/lang/Object;[Ljava/lang/Object;)Ljava/lang/Object; (62 bytes) @ 0x00000000038fc034 [0x00000000038fbfc0+0x74]
J 2147 C1 org.gradle.internal.reflect.JavaMethod.invoke(Ljava/lang/Object;[Ljava/lang/Object;)Ljava/lang/Object; (74 bytes) @ 0x0000000002f53df4 [0x0000000002f53ce0+0x114]
j  org.gradle.api.internal.project.taskfactory.IncrementalTaskAction.doExecute(Lorg/gradle/api/Task;Ljava/lang/String;)V+35
j  org.gradle.api.internal.project.taskfactory.StandardTaskAction.execute(Lorg/gradle/api/Task;)V+32
j  org.gradle.api.internal.project.taskfactory.StandardTaskAction.execute(Ljava/lang/Object;)V+5
j  org.gradle.api.internal.tasks.execution.ExecuteActionsTaskExecuter$1.run(Lorg/gradle/internal/operations/BuildOperationContext;)V+23
J 20790 C2 org.gradle.internal.progress.DefaultBuildOperationExecutor.execute(Lorg/gradle/internal/operations/BuildOperation;Lorg/gradle/internal/operations/BuildOperationWorker;Lorg/gradle/internal/progress/DefaultBuildOperationExecutor$DefaultBuildOperationState;)V (394 bytes) @ 0x0000000005f81b0c [0x0000000005f80f80+0xb8c]
J 14758 C1 org.gradle.internal.progress.DefaultBuildOperationExecutor.run(Lorg/gradle/internal/operations/RunnableBuildOperation;)V (38 bytes) @ 0x0000000004e12464 [0x0000000004e12140+0x324]
j  org.gradle.api.internal.tasks.execution.ExecuteActionsTaskExecuter.executeAction(Ljava/lang/String;Lorg/gradle/api/internal/TaskInternal;Lorg/gradle/api/internal/tasks/ContextAwareTaskAction;Lorg/gradle/api/internal/tasks/TaskExecutionContext;)V+23
j  org.gradle.api.internal.tasks.execution.ExecuteActionsTaskExecuter.executeActions(Lorg/gradle/api/internal/TaskInternal;Lorg/gradle/api/internal/tasks/TaskStateInternal;Lorg/gradle/api/internal/tasks/TaskExecutionContext;)Lorg/gradle/api/GradleException;+86
j  org.gradle.api.internal.tasks.execution.ExecuteActionsTaskExecuter.execute(Lorg/gradle/api/internal/TaskInternal;Lorg/gradle/api/internal/tasks/TaskStateInternal;Lorg/gradle/api/internal/tasks/TaskExecutionContext;)V+42
j  org.gradle.api.internal.tasks.execution.OutputDirectoryCreatingTaskExecuter.execute(Lorg/gradle/api/internal/TaskInternal;Lorg/gradle/api/internal/tasks/TaskStateInternal;Lorg/gradle/api/internal/tasks/TaskExecutionContext;)V+105
j  org.gradle.api.internal.tasks.execution.SkipUpToDateTaskExecuter.execute(Lorg/gradle/api/internal/TaskInternal;Lorg/gradle/api/internal/tasks/TaskStateInternal;Lorg/gradle/api/internal/tasks/TaskExecutionContext;)V+117
J 21368 C1 org.gradle.api.internal.tasks.execution.ResolveTaskOutputCachingStateExecuter.execute(Lorg/gradle/api/internal/TaskInternal;Lorg/gradle/api/internal/tasks/TaskStateInternal;Lorg/gradle/api/internal/tasks/TaskExecutionContext;)V (102 bytes) @ 0x000000000430e71c [0x000000000430d1c0+0x155c]
J 21366 C1 org.gradle.api.internal.tasks.execution.ValidatingTaskExecuter.execute(Lorg/gradle/api/internal/TaskInternal;Lorg/gradle/api/internal/tasks/TaskStateInternal;Lorg/gradle/api/internal/tasks/TaskExecutionContext;)V (138 bytes) @ 0x0000000003b56f34 [0x0000000003b55d20+0x1214]
J 21222 C1 org.gradle.api.internal.tasks.execution.SkipEmptySourceFilesTaskExecuter.execute(Lorg/gradle/api/internal/TaskInternal;Lorg/gradle/api/internal/tasks/TaskStateInternal;Lorg/gradle/api/internal/tasks/TaskExecutionContext;)V (355 bytes) @ 0x00000000050864bc [0x0000000005082960+0x3b5c]
J 21561 C1 org.gradle.api.internal.tasks.execution.CleanupStaleOutputsExecuter.execute(Lorg/gradle/api/internal/TaskInternal;Lorg/gradle/api/internal/tasks/TaskStateInternal;Lorg/gradle/api/internal/tasks/TaskExecutionContext;)V (181 bytes) @ 0x0000000004df0434 [0x0000000004deec60+0x17d4]
J 21220 C1 org.gradle.api.internal.tasks.execution.ResolveTaskArtifactStateTaskExecuter.execute(Lorg/gradle/api/internal/TaskInternal;Lorg/gradle/api/internal/tasks/TaskStateInternal;Lorg/gradle/api/internal/tasks/TaskExecutionContext;)V (136 bytes) @ 0x0000000003df3a14 [0x0000000003df2880+0x1194]
j  org.gradle.api.internal.tasks.execution.SkipTaskWithNoActionsExecuter.execute(Lorg/gradle/api/internal/TaskInternal;Lorg/gradle/api/internal/tasks/TaskStateInternal;Lorg/gradle/api/internal/tasks/TaskExecutionContext;)V+124
j  org.gradle.api.internal.tasks.execution.SkipOnlyIfTaskExecuter.execute(Lorg/gradle/api/internal/TaskInternal;Lorg/gradle/api/internal/tasks/TaskStateInternal;Lorg/gradle/api/internal/tasks/TaskExecutionContext;)V+85
j  org.gradle.api.internal.tasks.execution.ExecuteAtMostOnceTaskExecuter.execute(Lorg/gradle/api/internal/TaskInternal;Lorg/gradle/api/internal/tasks/TaskStateInternal;Lorg/gradle/api/internal/tasks/TaskExecutionContext;)V+26
j  org.gradle.api.internal.tasks.execution.CatchExceptionTaskExecuter.execute(Lorg/gradle/api/internal/TaskInternal;Lorg/gradle/api/internal/tasks/TaskStateInternal;Lorg/gradle/api/internal/tasks/TaskExecutionContext;)V+7
j  org.gradle.execution.taskgraph.DefaultTaskGraphExecuter$EventFiringTaskWorker$1.run(Lorg/gradle/internal/operations/BuildOperationContext;)V+56
J 20790 C2 org.gradle.internal.progress.DefaultBuildOperationExecutor.execute(Lorg/gradle/internal/operations/BuildOperation;Lorg/gradle/internal/operations/BuildOperationWorker;Lorg/gradle/internal/progress/DefaultBuildOperationExecutor$DefaultBuildOperationState;)V (394 bytes) @ 0x0000000005f81b0c [0x0000000005f80f80+0xb8c]
J 14758 C1 org.gradle.internal.progress.DefaultBuildOperationExecutor.run(Lorg/gradle/internal/operations/RunnableBuildOperation;)V (38 bytes) @ 0x0000000004e12464 [0x0000000004e12140+0x324]
J 20021 C1 org.gradle.execution.taskgraph.DefaultTaskGraphExecuter$EventFiringTaskWorker.execute(Ljava/lang/Object;)V (9 bytes) @ 0x0000000005343504 [0x00000000053431e0+0x324]
j  org.gradle.execution.taskgraph.DefaultTaskPlanExecutor$TaskExecutorWorker.processTask(Lorg/gradle/execution/taskgraph/TaskInfo;)V+8
j  org.gradle.execution.taskgraph.DefaultTaskPlanExecutor$TaskExecutorWorker.access$200(Lorg/gradle/execution/taskgraph/DefaultTaskPlanExecutor$TaskExecutorWorker;Lorg/gradle/execution/taskgraph/TaskInfo;)V+2
j  org.gradle.execution.taskgraph.DefaultTaskPlanExecutor$TaskExecutorWorker$1.execute(Lorg/gradle/execution/taskgraph/TaskInfo;)V+38
J 20020 C1 org.gradle.execution.taskgraph.DefaultTaskPlanExecutor$TaskExecutorWorker$1.execute(Ljava/lang/Object;)V (9 bytes) @ 0x0000000005a53624 [0x0000000005a534c0+0x164]
J 21217 C1 org.gradle.execution.taskgraph.DefaultTaskExecutionPlan.execute(Lorg/gradle/execution/taskgraph/TaskInfo;Lorg/gradle/internal/work/WorkerLeaseRegistry$WorkerLease;Lorg/gradle/api/Action;)V (86 bytes) @ 0x0000000003b0bacc [0x0000000003b0b880+0x24c]
J 19228 C1 org.gradle.execution.taskgraph.DefaultTaskExecutionPlan.executeWithTask(Lorg/gradle/internal/work/WorkerLeaseRegistry$WorkerLease;Lorg/gradle/api/Action;)Z (62 bytes) @ 0x0000000003e0881c [0x0000000003e082e0+0x53c]
j  org.gradle.execution.taskgraph.DefaultTaskPlanExecutor$TaskExecutorWorker.run()V+52
J 20678 C2 org.gradle.internal.concurrent.ManagedExecutorImpl$1.run()V (57 bytes) @ 0x0000000005f10af4 [0x0000000005f10960+0x194]
J 15535 C1 java.util.concurrent.ThreadPoolExecutor.runWorker(Ljava/util/concurrent/ThreadPoolExecutor$Worker;)V (225 bytes) @ 0x0000000004fd30ec [0x0000000004fd20e0+0x100c]
J 20417 C1 java.util.concurrent.ThreadPoolExecutor$Worker.run()V (9 bytes) @ 0x0000000005e71704 [0x0000000005e71600+0x104]
j  org.gradle.internal.concurrent.ThreadFactoryImpl$ManagedThreadRunnable.run()V+7
J 19775 C1 java.lang.Thread.run()V (17 bytes) @ 0x0000000005cca63c [0x0000000005cca500+0x13c]
v  ~StubRoutines::call_stub

---------------  P R O C E S S  ---------------

Java Threads: ( => current thread )
  0x0000000057b4f000 JavaThread "ForkJoinPool-9-worker-0" daemon [_thread_blocked, id=66396, stack(0x000000006c4d0000,0x000000006c5d0000)]
  0x0000000057b4e000 JavaThread "ForkJoinPool-9-worker-3" daemon [_thread_blocked, id=66392, stack(0x000000006c3b0000,0x000000006c4b0000)]
  0x0000000057b4c800 JavaThread "ForkJoinPool-9-worker-2" daemon [_thread_blocked, id=66388, stack(0x000000006aed0000,0x000000006afd0000)]
  0x0000000057b4c000 JavaThread "ForkJoinPool-9-worker-1" daemon [_thread_blocked, id=66384, stack(0x000000006b050000,0x000000006b150000)]
  0x00000000677b3800 JavaThread "ForkJoinPool.commonPool-worker-0" daemon [_thread_blocked, id=65960, stack(0x0000000065a00000,0x0000000065b00000)]
  0x00000000677b5000 JavaThread "ForkJoinPool.commonPool-worker-7" daemon [_thread_blocked, id=65968, stack(0x000000006aa00000,0x000000006ab00000)]
  0x00000000677b4800 JavaThread "ForkJoinPool.commonPool-worker-6" daemon [_thread_blocked, id=65808, stack(0x000000006a3b0000,0x000000006a4b0000)]
  0x00000000677b6800 JavaThread "ForkJoinPool.commonPool-worker-5" daemon [_thread_blocked, id=65932, stack(0x0000000069c60000,0x0000000069d60000)]
  0x00000000677b3000 JavaThread "ForkJoinPool.commonPool-worker-4" daemon [_thread_blocked, id=65940, stack(0x0000000068430000,0x0000000068530000)]
  0x00000000677b0800 JavaThread "Cache worker for Java compile cache (H:\Code\gitcode\bigwork\Myassistant\.gradle\4.4\javaCompile)" [_thread_blocked, id=66528, stack(0x0000000067240000,0x0000000067340000)]
  0x0000000057b51000 JavaThread "Task worker for ':' Thread 7" [_thread_blocked, id=65716, stack(0x0000000067020000,0x0000000067120000)]
  0x0000000057b4b000 JavaThread "Task worker for ':' Thread 6" [_thread_blocked, id=65712, stack(0x00000000660b0000,0x00000000661b0000)]
=>0x0000000057b52000 JavaThread "Task worker for ':' Thread 5" [_thread_in_vm, id=65708, stack(0x0000000062bb0000,0x0000000062cb0000)]
  0x000000005df35800 JavaThread "Task worker for ':' Thread 4" [_thread_blocked, id=65704, stack(0x0000000065e70000,0x0000000065f70000)]
  0x000000005df3b000 JavaThread "Task worker for ':' Thread 3" [_thread_blocked, id=65700, stack(0x0000000066a00000,0x0000000066b00000)]
  0x000000005df32800 JavaThread "Task worker for ':' Thread 2" [_thread_blocked, id=65696, stack(0x0000000066890000,0x0000000066990000)]
  0x000000005df33800 JavaThread "Task worker for ':'" [_thread_blocked, id=65692, stack(0x0000000065fb0000,0x00000000660b0000)]
  0x000000005df30800 JavaThread "Cache worker for Build Output Cleanup Cache (H:\Code\gitcode\bigwork\Myassistant\.gradle\buildOutputCleanup)" [_thread_blocked, id=65688, stack(0x0000000064e50000,0x0000000064f50000)]
  0x000000005df38800 JavaThread "Cache worker for task history cache (H:\Code\gitcode\bigwork\Myassistant\.gradle\4.4\taskHistory)" [_thread_blocked, id=65684, stack(0x0000000063a30000,0x0000000063b30000)]
  0x000000005df3c800 JavaThread "Cache worker for file content cache (H:\Code\gitcode\bigwork\Myassistant\.gradle\4.4\fileContent)" [_thread_blocked, id=65680, stack(0x0000000065d70000,0x0000000065e70000)]
  0x000000005df31000 JavaThread "build operations Thread 8" [_thread_blocked, id=65676, stack(0x00000000652d0000,0x00000000653d0000)]
  0x000000005df3b800 JavaThread "build operations Thread 7" [_thread_blocked, id=65672, stack(0x0000000064790000,0x0000000064890000)]
  0x000000005df2f800 JavaThread "build operations Thread 6" [_thread_blocked, id=65668, stack(0x0000000061e90000,0x0000000061f90000)]
  0x000000005e91b800 JavaThread "build operations Thread 5" [_thread_blocked, id=65664, stack(0x0000000062a90000,0x0000000062b90000)]
  0x000000005e91d800 JavaThread "build operations Thread 4" [_thread_blocked, id=65660, stack(0x00000000620d0000,0x00000000621d0000)]
  0x000000005e919000 JavaThread "build operations Thread 3" [_thread_blocked, id=65656, stack(0x000000005e300000,0x000000005e400000)]
  0x000000005e91d000 JavaThread "build operations Thread 2" [_thread_blocked, id=65652, stack(0x0000000062540000,0x0000000062640000)]
  0x000000005e91a000 JavaThread "build operations" [_thread_blocked, id=65648, stack(0x00000000628d0000,0x00000000629d0000)]
  0x000000005df0a000 JavaThread "Cache worker for Artifact transforms cache (C:\Users\Administrator\.gradle\caches\transforms-1)" [_thread_blocked, id=65644, stack(0x0000000062440000,0x0000000062540000)]
  0x000000005df08800 JavaThread "Cache worker for file hash cache (H:\Code\gitcode\bigwork\Myassistant\.gradle\4.4\fileHashes)" [_thread_blocked, id=65640, stack(0x000000005fa00000,0x000000005fb00000)]
  0x000000005df07800 JavaThread "Stdin handler" [_thread_blocked, id=65632, stack(0x0000000058d00000,0x0000000058e00000)]
  0x000000005df07000 JavaThread "Asynchronous log dispatcher for DefaultDaemonConnection: socket connection from /127.0.0.1:1777 to /127.0.0.1:10116" [_thread_blocked, id=65628, stack(0x0000000061fc0000,0x00000000620c0000)]
  0x000000005df09000 JavaThread "Daemon worker Thread 11" [_thread_blocked, id=65620, stack(0x000000005b3f0000,0x000000005b4f0000)]
  0x000000005df0c000 JavaThread "Cancel handler" [_thread_blocked, id=65616, stack(0x000000005fd70000,0x000000005fe70000)]
  0x000000005df0d000 JavaThread "Handler for socket connection from /127.0.0.1:1777 to /127.0.0.1:10116" [_thread_in_native, id=65612, stack(0x000000005bc80000,0x000000005bd80000)]
  0x000000005df0d800 JavaThread "Daemon Thread 11" [_thread_blocked, id=65608, stack(0x000000005b8f0000,0x000000005b9f0000)]
  0x000000005df38000 JavaThread "Memory manager" [_thread_blocked, id=10500, stack(0x00000000632d0000,0x00000000633d0000)]
  0x000000005aec0800 JavaThread "File lock request listener" [_thread_in_native, id=10520, stack(0x000000005d220000,0x000000005d320000)]
  0x000000005acd3000 JavaThread "Cache worker for file hash cache (C:\Users\Administrator\.gradle\caches\4.4\fileHashes)" [_thread_blocked, id=10516, stack(0x000000005d110000,0x000000005d210000)]
  0x000000005ab2d000 JavaThread "Daemon periodic checks" [_thread_blocked, id=9288, stack(0x000000005b700000,0x000000005b800000)]
  0x000000005ab4f800 JavaThread "Incoming local TCP Connector on port 1777" [_thread_in_native, id=3220, stack(0x000000005b520000,0x000000005b620000)]
  0x0000000057994800 JavaThread "Service Thread" daemon [_thread_blocked, id=9660, stack(0x0000000059530000,0x0000000059630000)]
  0x000000005682f000 JavaThread "C1 CompilerThread3" daemon [_thread_blocked, id=9656, stack(0x0000000059350000,0x0000000059450000)]
  0x000000005682e800 JavaThread "C2 CompilerThread2" daemon [_thread_in_native, id=9644, stack(0x0000000059240000,0x0000000059340000)]
  0x000000005682d800 JavaThread "C2 CompilerThread1" daemon [_thread_in_native, id=9640, stack(0x00000000590f0000,0x00000000591f0000)]
  0x00000000578e8800 JavaThread "C2 CompilerThread0" daemon [_thread_in_native, id=9636, stack(0x0000000058f50000,0x0000000059050000)]
  0x00000000578e7000 JavaThread "Attach Listener" daemon [_thread_blocked, id=9632, stack(0x0000000058e10000,0x0000000058f10000)]
  0x00000000578e6000 JavaThread "Signal Dispatcher" daemon [_thread_blocked, id=9628, stack(0x0000000058840000,0x0000000058940000)]
  0x0000000056823000 JavaThread "Finalizer" daemon [_thread_blocked, id=9624, stack(0x0000000058be0000,0x0000000058ce0000)]
  0x000000005681a000 JavaThread "Reference Handler" daemon [_thread_blocked, id=9620, stack(0x0000000058aa0000,0x0000000058ba0000)]
  0x000000000017e800 JavaThread "main" [_thread_blocked, id=9648, stack(0x0000000002630000,0x0000000002730000)]

Other Threads:
  0x000000005680f000 VMThread [stack: 0x00000000589a0000,0x0000000058aa0000] [id=9616]
  0x000000005794f000 WatcherThread [stack: 0x0000000059640000,0x0000000059740000] [id=9664]

VM state:not at safepoint (normal execution)

VM Mutex/Monitor currently owned by a thread: None

Heap:
 PSYoungGen      total 384512K, used 206776K [0x00000000e0000000, 0x00000000fc300000, 0x0000000100000000)
  eden space 311296K, 50% used [0x00000000e0000000,0x00000000e9900238,0x00000000f3000000)
  from space 73216K, 68% used [0x00000000f7b00000,0x00000000fabeddf0,0x00000000fc280000)
  to   space 75264K, 0% used [0x00000000f3000000,0x00000000f3000000,0x00000000f7980000)
 ParOldGen       total 209920K, used 56578K [0x00000000a0000000, 0x00000000acd00000, 0x00000000e0000000)
  object space 209920K, 26% used [0x00000000a0000000,0x00000000a3740b10,0x00000000acd00000)
 Metaspace       used 83432K, capacity 87522K, committed 88192K, reserved 1126400K
  class space    used 10474K, capacity 11208K, committed 11392K, reserved 1048576K

Card table byte_map: [0x0000000011af0000,0x0000000011e00000] byte_map_base: 0x00000000115f0000

Marking Bits: (ParMarkBitMap*) 0x0000000068f94970
 Begin Bits: [0x0000000012b30000, 0x0000000014330000)
 End Bits:   [0x0000000014330000, 0x0000000015b30000)

Polling page: 0x0000000000140000

CodeCache: size=245760Kb used=61018Kb max_used=61061Kb free=184741Kb
 bounds [0x0000000002730000, 0x0000000006330000, 0x0000000011730000]
 total_blobs=17885 nmethods=17018 adapters=778
 compilation: enabled

Compilation events (10 events):
Event: 6986.570 Thread 0x000000005682f000 22092       3       com.android.tools.r8.code.InvokeSuperRange::<init> (11 bytes)
Event: 6986.571 Thread 0x000000005682f000 nmethod 22092 0x00000000062f5890 code [0x00000000062f5a60, 0x00000000062f6018]
Event: 6986.582 Thread 0x000000005682f000 22094       3       com.android.tools.r8.code.DoubleToInt::<init> (7 bytes)
Event: 6986.582 Thread 0x000000005682f000 nmethod 22094 0x00000000062f5190 code [0x00000000062f5300, 0x00000000062f5650]
Event: 6986.588 Thread 0x000000005682f000 22095       3       com.android.tools.r8.code.ReturnWide::<init> (7 bytes)
Event: 6986.589 Thread 0x000000005682f000 nmethod 22095 0x00000000062f40d0 code [0x00000000062f4240, 0x00000000062f4570]
Event: 6986.596 Thread 0x000000005682f000 22096       3       com.android.tools.r8.code.NotInt::<init> (7 bytes)
Event: 6986.597 Thread 0x000000005682f000 nmethod 22096 0x00000000062f39d0 code [0x00000000062f3b40, 0x00000000062f3e90]
Event: 6986.788 Thread 0x000000005682f000 22099       3       com.android.tools.r8.com.google.common.base.Preconditions::checkArgument (17 bytes)
Event: 6986.789 Thread 0x000000005682f000 nmethod 22099 0x00000000062f3350 code [0x00000000062f34e0, 0x00000000062f3878]

GC Heap History (10 events):
Event: 3431.462 GC heap before
{Heap before GC invocations=20 (full 3):
 PSYoungGen      total 365056K, used 364661K [0x00000000e0000000, 0x00000000fb700000, 0x0000000100000000)
  eden space 308224K, 99% used [0x00000000e0000000,0x00000000f2ca5560,0x00000000f2d00000)
  from space 56832K, 99% used [0x00000000f7180000,0x00000000fa8f8048,0x00000000fa900000)
  to   space 70144K, 0% used [0x00000000f2d00000,0x00000000f2d00000,0x00000000f7180000)
 ParOldGen       total 134656K, used 93630K [0x00000000a0000000, 0x00000000a8380000, 0x00000000e0000000)
  object space 134656K, 69% used [0x00000000a0000000,0x00000000a5b6f8e0,0x00000000a8380000)
 Metaspace       used 83158K, capacity 87442K, committed 87680K, reserved 1126400K
  class space    used 10526K, capacity 11324K, committed 11392K, reserved 1048576K
Event: 3431.547 GC heap after
Heap after GC invocations=20 (full 3):
 PSYoungGen      total 343552K, used 47020K [0x00000000e0000000, 0x00000000fae80000, 0x0000000100000000)
  eden space 296448K, 0% used [0x00000000e0000000,0x00000000e0000000,0x00000000f2180000)
  from space 47104K, 99% used [0x00000000f2d00000,0x00000000f5aeb000,0x00000000f5b00000)
  to   space 72192K, 0% used [0x00000000f6800000,0x00000000f6800000,0x00000000fae80000)
 ParOldGen       total 134656K, used 115299K [0x00000000a0000000, 0x00000000a8380000, 0x00000000e0000000)
  object space 134656K, 85% used [0x00000000a0000000,0x00000000a7098ff0,0x00000000a8380000)
 Metaspace       used 83158K, capacity 87442K, committed 87680K, reserved 1126400K
  class space    used 10526K, capacity 11324K, committed 11392K, reserved 1048576K
}
Event: 3431.547 GC heap before
{Heap before GC invocations=21 (full 4):
 PSYoungGen      total 343552K, used 47020K [0x00000000e0000000, 0x00000000fae80000, 0x0000000100000000)
  eden space 296448K, 0% used [0x00000000e0000000,0x00000000e0000000,0x00000000f2180000)
  from space 47104K, 99% used [0x00000000f2d00000,0x00000000f5aeb000,0x00000000f5b00000)
  to   space 72192K, 0% used [0x00000000f6800000,0x00000000f6800000,0x00000000fae80000)
 ParOldGen       total 134656K, used 115299K [0x00000000a0000000, 0x00000000a8380000, 0x00000000e0000000)
  object space 134656K, 85% used [0x00000000a0000000,0x00000000a7098ff0,0x00000000a8380000)
 Metaspace       used 83158K, capacity 87442K, committed 87680K, reserved 1126400K
  class space    used 10526K, capacity 11324K, committed 11392K, reserved 1048576K
Event: 3431.776 GC heap after
Heap after GC invocations=21 (full 4):
 PSYoungGen      total 343552K, used 0K [0x00000000e0000000, 0x00000000fae80000, 0x0000000100000000)
  eden space 296448K, 0% used [0x00000000e0000000,0x00000000e0000000,0x00000000f2180000)
  from space 47104K, 0% used [0x00000000f2d00000,0x00000000f2d00000,0x00000000f5b00000)
  to   space 72192K, 0% used [0x00000000f6800000,0x00000000f6800000,0x00000000fae80000)
 ParOldGen       total 209920K, used 56554K [0x00000000a0000000, 0x00000000acd00000, 0x00000000e0000000)
  object space 209920K, 26% used [0x00000000a0000000,0x00000000a373ab10,0x00000000acd00000)
 Metaspace       used 82821K, capacity 86774K, committed 87680K, reserved 1126400K
  class space    used 10450K, capacity 11186K, committed 11392K, reserved 1048576K
}
Event: 6849.141 GC heap before
{Heap before GC invocations=22 (full 4):
 PSYoungGen      total 343552K, used 296448K [0x00000000e0000000, 0x00000000fae80000, 0x0000000100000000)
  eden space 296448K, 100% used [0x00000000e0000000,0x00000000f2180000,0x00000000f2180000)
  from space 47104K, 0% used [0x00000000f2d00000,0x00000000f2d00000,0x00000000f5b00000)
  to   space 72192K, 0% used [0x00000000f6800000,0x00000000f6800000,0x00000000fae80000)
 ParOldGen       total 209920K, used 56554K [0x00000000a0000000, 0x00000000acd00000, 0x00000000e0000000)
  object space 209920K, 26% used [0x00000000a0000000,0x00000000a373ab10,0x00000000acd00000)
 Metaspace       used 82885K, capacity 86910K, committed 87680K, reserved 1126400K
  class space    used 10451K, capacity 11186K, committed 11392K, reserved 1048576K
Event: 6849.179 GC heap after
Heap after GC invocations=22 (full 4):
 PSYoungGen      total 367616K, used 45250K [0x00000000e0000000, 0x00000000fc500000, 0x0000000100000000)
  eden space 295424K, 0% used [0x00000000e0000000,0x00000000e0000000,0x00000000f2080000)
  from space 72192K, 62% used [0x00000000f6800000,0x00000000f9430ba0,0x00000000fae80000)
  to   space 73216K, 0% used [0x00000000f2080000,0x00000000f2080000,0x00000000f6800000)
 ParOldGen       total 209920K, used 56562K [0x00000000a0000000, 0x00000000acd00000, 0x00000000e0000000)
  object space 209920K, 26% used [0x00000000a0000000,0x00000000a373cb10,0x00000000acd00000)
 Metaspace       used 82885K, capacity 86910K, committed 87680K, reserved 1126400K
  class space    used 10451K, capacity 11186K, committed 11392K, reserved 1048576K
}
Event: 6873.342 GC heap before
{Heap before GC invocations=23 (full 4):
 PSYoungGen      total 367616K, used 340674K [0x00000000e0000000, 0x00000000fc500000, 0x0000000100000000)
  eden space 295424K, 100% used [0x00000000e0000000,0x00000000f2080000,0x00000000f2080000)
  from space 72192K, 62% used [0x00000000f6800000,0x00000000f9430ba0,0x00000000fae80000)
  to   space 73216K, 0% used [0x00000000f2080000,0x00000000f2080000,0x00000000f6800000)
 ParOldGen       total 209920K, used 56562K [0x00000000a0000000, 0x00000000acd00000, 0x00000000e0000000)
  object space 209920K, 26% used [0x00000000a0000000,0x00000000a373cb10,0x00000000acd00000)
 Metaspace       used 82978K, capacity 86916K, committed 87680K, reserved 1126400K
  class space    used 10452K, capacity 11187K, committed 11392K, reserved 1048576K
Event: 6873.388 GC heap after
Heap after GC invocations=23 (full 4):
 PSYoungGen      total 368640K, used 44790K [0x00000000e0000000, 0x00000000fc280000, 0x0000000100000000)
  eden space 295424K, 0% used [0x00000000e0000000,0x00000000e0000000,0x00000000f2080000)
  from space 73216K, 61% used [0x00000000f2080000,0x00000000f4c3db90,0x00000000f6800000)
  to   space 73216K, 0% used [0x00000000f7b00000,0x00000000f7b00000,0x00000000fc280000)
 ParOldGen       total 209920K, used 56570K [0x00000000a0000000, 0x00000000acd00000, 0x00000000e0000000)
  object space 209920K, 26% used [0x00000000a0000000,0x00000000a373eb10,0x00000000acd00000)
 Metaspace       used 82978K, capacity 86916K, committed 87680K, reserved 1126400K
  class space    used 10452K, capacity 11187K, committed 11392K, reserved 1048576K
}
Event: 6985.596 GC heap before
{Heap before GC invocations=24 (full 4):
 PSYoungGen      total 368640K, used 340214K [0x00000000e0000000, 0x00000000fc280000, 0x0000000100000000)
  eden space 295424K, 100% used [0x00000000e0000000,0x00000000f2080000,0x00000000f2080000)
  from space 73216K, 61% used [0x00000000f2080000,0x00000000f4c3db90,0x00000000f6800000)
  to   space 73216K, 0% used [0x00000000f7b00000,0x00000000f7b00000,0x00000000fc280000)
 ParOldGen       total 209920K, used 56570K [0x00000000a0000000, 0x00000000acd00000, 0x00000000e0000000)
  object space 209920K, 26% used [0x00000000a0000000,0x00000000a373eb10,0x00000000acd00000)
 Metaspace       used 83106K, capacity 87060K, committed 87936K, reserved 1126400K
  class space    used 10454K, capacity 11189K, committed 11392K, reserved 1048576K
Event: 6985.643 GC heap after
Heap after GC invocations=24 (full 4):
 PSYoungGen      total 384512K, used 50103K [0x00000000e0000000, 0x00000000fc300000, 0x0000000100000000)
  eden space 311296K, 0% used [0x00000000e0000000,0x00000000e0000000,0x00000000f3000000)
  from space 73216K, 68% used [0x00000000f7b00000,0x00000000fabeddf0,0x00000000fc280000)
  to   space 75264K, 0% used [0x00000000f3000000,0x00000000f3000000,0x00000000f7980000)
 ParOldGen       total 209920K, used 56578K [0x00000000a0000000, 0x00000000acd00000, 0x00000000e0000000)
  object space 209920K, 26% used [0x00000000a0000000,0x00000000a3740b10,0x00000000acd00000)
 Metaspace       used 83106K, capacity 87060K, committed 87936K, reserved 1126400K
  class space    used 10454K, capacity 11189K, committed 11392K, reserved 1048576K
}

Deoptimization events (10 events):
Event: 6986.002 Thread 0x000000005d991800 Uncommon trap: reason=unstable_if action=reinterpret pc=0x0000000002cbee9c method=java.lang.StrictMath.floorOrCeil(DDDD)D @ 8
Event: 6986.016 Thread 0x00000000677b1800 Uncommon trap: reason=unstable_if action=reinterpret pc=0x0000000005dc4a88 method=com.android.tools.r8.ir.optimize.MoveEliminator.shouldBeEliminated(Lcom/android/tools/r8/ir/code/Instruction;)Z @ 73
Event: 6986.068 Thread 0x0000000057b4c800 Uncommon trap: reason=unstable_if action=reinterpret pc=0x0000000003a43f0c method=com.android.tools.r8.ir.code.ValueType.isWide()Z @ 4
Event: 6986.073 Thread 0x000000005d996000 Uncommon trap: reason=unstable_if action=reinterpret pc=0x0000000005da11d4 method=com.android.tools.r8.ir.code.Value.isConstant()Z @ 14
Event: 6986.110 Thread 0x000000005d995800 Uncommon trap: reason=unstable_if action=reinterpret pc=0x00000000044700a4 method=com.android.tools.r8.it.unimi.dsi.fastutil.objects.Object2IntLinkedOpenHashMap.insert(Ljava/lang/Object;I)I @ 117
Event: 6986.150 Thread 0x000000005d997000 Uncommon trap: reason=bimorphic action=maybe_recompile pc=0x0000000005daa0ec method=com.android.tools.r8.com.google.common.collect.AbstractIndexedListIterator.next()Ljava/lang/Object; @ 27
Event: 6986.151 Thread 0x000000005d997000 Uncommon trap: reason=predicate action=maybe_recompile pc=0x00000000030a0e74 method=java.util.LinkedList.indexOf(Ljava/lang/Object;)I @ 47
Event: 6986.151 Thread 0x000000005d997000 Uncommon trap: reason=bimorphic action=maybe_recompile pc=0x0000000005daa0ec method=com.android.tools.r8.com.google.common.collect.AbstractIndexedListIterator.next()Ljava/lang/Object; @ 27
Event: 6986.151 Thread 0x000000005d997000 Uncommon trap: reason=bimorphic action=maybe_recompile pc=0x0000000005daa0ec method=com.android.tools.r8.com.google.common.collect.AbstractIndexedListIterator.next()Ljava/lang/Object; @ 27
Event: 6986.170 Thread 0x0000000057b4c000 Uncommon trap: reason=unstable_if action=reinterpret pc=0x000000000567f8a8 method=com.android.tools.r8.ir.regalloc.RegisterPositions.get(I)I @ 6

Classes redefined (0 events):
No events

Internal exceptions (10 events):
Event: 6986.248 Thread 0x0000000057b4c000 Exception <a 'sun/nio/fs/WindowsException'> (0x00000000e399ebd0) thrown at [D:\src\AOSP-openjdk-cygwin\jdk8u\hotspot\src\share\vm\prims\jni.cpp, line 709]
Event: 6986.250 Thread 0x0000000057b4c000 Exception <a 'sun/nio/fs/WindowsException'> (0x00000000e39a6f18) thrown at [D:\src\AOSP-openjdk-cygwin\jdk8u\hotspot\src\share\vm\prims\jni.cpp, line 709]
Event: 6986.251 Thread 0x000000005d997000 Exception <a 'sun/nio/fs/WindowsException'> (0x00000000e393c778) thrown at [D:\src\AOSP-openjdk-cygwin\jdk8u\hotspot\src\share\vm\prims\jni.cpp, line 709]
Event: 6986.251 Thread 0x0000000057b4c000 Exception <a 'sun/nio/fs/WindowsException'> (0x00000000e39bf570) thrown at [D:\src\AOSP-openjdk-cygwin\jdk8u\hotspot\src\share\vm\prims\jni.cpp, line 709]
Event: 6986.252 Thread 0x000000005d997000 Exception <a 'sun/nio/fs/WindowsException'> (0x00000000e39418e0) thrown at [D:\src\AOSP-openjdk-cygwin\jdk8u\hotspot\src\share\vm\prims\jni.cpp, line 709]
Event: 6986.252 Thread 0x0000000057b4c000 Exception <a 'sun/nio/fs/WindowsException'> (0x00000000e3b483f8) thrown at [D:\src\AOSP-openjdk-cygwin\jdk8u\hotspot\src\share\vm\prims\jni.cpp, line 709]
Event: 6986.255 Thread 0x000000005d997000 Exception <a 'sun/nio/fs/WindowsException'> (0x00000000e3946980) thrown at [D:\src\AOSP-openjdk-cygwin\jdk8u\hotspot\src\share\vm\prims\jni.cpp, line 709]
Event: 6986.257 Thread 0x000000005d997000 Exception <a 'sun/nio/fs/WindowsException'> (0x00000000e394ef68) thrown at [D:\src\AOSP-openjdk-cygwin\jdk8u\hotspot\src\share\vm\prims\jni.cpp, line 709]
Event: 6986.259 Thread 0x0000000057b4c000 Exception <a 'sun/nio/fs/WindowsException'> (0x00000000e3b577d8) thrown at [D:\src\AOSP-openjdk-cygwin\jdk8u\hotspot\src\share\vm\prims\jni.cpp, line 709]
Event: 6986.408 Thread 0x0000000057b52000 Exception <a 'sun/nio/fs/WindowsException'> (0x00000000e43ca680) thrown at [D:\src\AOSP-openjdk-cygwin\jdk8u\hotspot\src\share\vm\prims\jni.cpp, line 709]

Events (10 events):
Event: 6986.621 Thread 0x0000000057b52000 DEOPT PACKING pc=0x0000000006281372 sp=0x0000000062cacb90
Event: 6986.621 Thread 0x0000000057b52000 DEOPT UNPACKING pc=0x00000000027775d0 sp=0x0000000062cac918 mode 0
Event: 6986.623 Thread 0x0000000057b52000 DEOPT PACKING pc=0x000000000628135b sp=0x0000000062cacb90
Event: 6986.623 Thread 0x0000000057b52000 DEOPT UNPACKING pc=0x00000000027775d0 sp=0x0000000062cac918 mode 0
Event: 6986.624 Executing VM operation: RevokeBias
Event: 6986.624 Executing VM operation: RevokeBias done
Event: 6986.631 Thread 0x0000000057b52000 DEOPT PACKING pc=0x000000000628135b sp=0x0000000062cacb10
Event: 6986.631 Thread 0x0000000057b52000 DEOPT UNPACKING pc=0x00000000027775d0 sp=0x0000000062cac898 mode 0
Event: 6986.632 Thread 0x0000000057b52000 DEOPT PACKING pc=0x0000000006281372 sp=0x0000000062cacb10
Event: 6986.632 Thread 0x0000000057b52000 DEOPT UNPACKING pc=0x00000000027775d0 sp=0x0000000062cac898 mode 0


Dynamic libraries:
0x000000013fe80000 - 0x000000013feb1000 	G:\Android\jre\bin\java.exe
0x0000000076e90000 - 0x000000007702f000 	C:\windows\SYSTEM32\ntdll.dll
0x0000000076c70000 - 0x0000000076d8f000 	C:\windows\system32\kernel32.dll
0x000007fefcba0000 - 0x000007fefcc0a000 	C:\windows\system32\KERNELBASE.dll
0x000007fefd9a0000 - 0x000007fefda7b000 	C:\windows\system32\ADVAPI32.dll
0x000007fefd800000 - 0x000007fefd89f000 	C:\windows\system32\msvcrt.dll
0x000007fefd7e0000 - 0x000007fefd7ff000 	C:\windows\SYSTEM32\sechost.dll
0x000007fefeda0000 - 0x000007fefeecd000 	C:\windows\system32\RPCRT4.dll
0x0000000076d90000 - 0x0000000076e8a000 	C:\windows\system32\USER32.dll
0x000007fefd450000 - 0x000007fefd4b7000 	C:\windows\system32\GDI32.dll
0x000007fefda80000 - 0x000007fefda8e000 	C:\windows\system32\LPK.dll
0x000007fefeed0000 - 0x000007fefef9b000 	C:\windows\system32\USP10.dll
0x000007fefb1f0000 - 0x000007fefb3e4000 	C:\windows\WinSxS\amd64_microsoft.windows.common-controls_6595b64144ccf1df_6.0.7601.18837_none_fa3b1e3d17594757\COMCTL32.dll
0x000007fefd920000 - 0x000007fefd991000 	C:\windows\system32\SHLWAPI.dll
0x000007fefe940000 - 0x000007fefe96e000 	C:\windows\system32\IMM32.DLL
0x000007fefd010000 - 0x000007fefd119000 	C:\windows\system32\MSCTF.dll
0x000007fefcaa0000 - 0x000007fefcad0000 	C:\windows\system32\nvinitx.dll
0x000007fefca90000 - 0x000007fefca9c000 	C:\windows\system32\VERSION.dll
0x0000000072ca0000 - 0x0000000072ca6000 	C:\Program Files\NVIDIA Corporation\CoProcManager\detoured.dll
0x000007fefab70000 - 0x000007fefaba8000 	C:\Program Files\NVIDIA Corporation\CoProcManager\nvd3d9wrapx.dll
0x000007fefefa0000 - 0x000007feff177000 	C:\windows\system32\SETUPAPI.dll
0x000007fefce20000 - 0x000007fefce56000 	C:\windows\system32\CFGMGR32.dll
0x000007fefcf30000 - 0x000007fefd00a000 	C:\windows\system32\OLEAUT32.dll
0x000007fefeba0000 - 0x000007fefed9d000 	C:\windows\system32\ole32.dll
0x000007fefcc50000 - 0x000007fefcc6a000 	C:\windows\system32\DEVOBJ.dll
0x000007fefab40000 - 0x000007fefab64000 	C:\Program Files\NVIDIA Corporation\CoProcManager\nvdxgiwrapx.dll
0x000000006c830000 - 0x000000006c902000 	G:\Android\jre\jre\bin\msvcr100.dll
0x00000000687d0000 - 0x000000006900f000 	G:\Android\jre\jre\bin\server\jvm.dll
0x000007fef36f0000 - 0x000007fef36f9000 	C:\windows\system32\WSOCK32.dll
0x000007fefd790000 - 0x000007fefd7dd000 	C:\windows\system32\WS2_32.dll
0x000007fefcf20000 - 0x000007fefcf28000 	C:\windows\system32\NSI.dll
0x000007fefa8c0000 - 0x000007fefa8fb000 	C:\windows\system32\WINMM.dll
0x0000000077040000 - 0x0000000077047000 	C:\windows\system32\PSAPI.DLL
0x000007fef36e0000 - 0x000007fef36ef000 	G:\Android\jre\jre\bin\verify.dll
0x000007fef1d20000 - 0x000007fef1d49000 	G:\Android\jre\jre\bin\java.dll
0x000007fef36c0000 - 0x000007fef36d6000 	G:\Android\jre\jre\bin\zip.dll
0x000007fefda90000 - 0x000007fefe81b000 	C:\windows\system32\SHELL32.dll
0x000007fefcb70000 - 0x000007fefcb7f000 	C:\windows\system32\profapi.dll
0x000007fef1d00000 - 0x000007fef1d1a000 	G:\Android\jre\jre\bin\net.dll
0x000007fefc2c0000 - 0x000007fefc315000 	C:\windows\system32\mswsock.dll
0x000007fefc2b0000 - 0x000007fefc2b7000 	C:\windows\System32\wship6.dll
0x000007fef1ce0000 - 0x000007fef1cf1000 	G:\Android\jre\jre\bin\nio.dll
0x000007fee95a0000 - 0x000007fee95be000 	C:\Users\Administrator\.gradle\native\25\windows-amd64\native-platform.dll
0x000007fee9960000 - 0x000007fee996d000 	G:\Android\jre\jre\bin\management.dll
0x000007fefc320000 - 0x000007fefc338000 	C:\windows\system32\CRYPTSP.dll
0x000007fefc020000 - 0x000007fefc067000 	C:\windows\system32\rsaenh.dll
0x0000000000450000 - 0x000000000046e000 	C:\windows\system32\USERENV.dll
0x000007fefc920000 - 0x000007fefc92f000 	C:\windows\system32\CRYPTBASE.dll
0x000007fefbb00000 - 0x000007fefbb27000 	C:\windows\system32\IPHLPAPI.DLL
0x000007fefbaf0000 - 0x000007fefbafb000 	C:\windows\system32\WINNSI.DLL
0x000007fef9490000 - 0x000007fef94a1000 	C:\windows\system32\dhcpcsvc6.DLL
0x000007fef9370000 - 0x000007fef9388000 	C:\windows\system32\dhcpcsvc.DLL
0x000007fee9600000 - 0x000007fee9624000 	G:\Android\jre\jre\bin\sunec.dll
0x0000000180000000 - 0x000000018007e000 	C:\windows\system32\DQLSP.dll
0x000007fefccb0000 - 0x000007fefce1d000 	C:\windows\system32\CRYPT32.dll
0x000007fefcb60000 - 0x000007fefcb6f000 	C:\windows\system32\MSASN1.dll
0x000007fefc8f0000 - 0x000007fefc915000 	C:\windows\system32\SspiCli.dll
0x000007fefbad0000 - 0x000007fefbad7000 	C:\windows\System32\wshtcpip.dll
0x000007fefc140000 - 0x000007fefc19b000 	C:\windows\system32\DNSAPI.dll
0x000007fef7d20000 - 0x000007fef7d28000 	C:\windows\system32\rasadhlp.dll
0x000007fef9510000 - 0x000007fef9563000 	C:\windows\System32\fwpuclnt.dll
0x000007fef39e0000 - 0x000007fef39eb000 	G:\Android\jre\jre\bin\sunmscapi.dll
0x000007fefc9d0000 - 0x000007fefca27000 	C:\windows\system32\apphelp.dll
0x000007fef81a0000 - 0x000007fef82c5000 	C:\windows\system32\dbghelp.dll

VM Arguments:
jvm_args: -Xmx1536m -Dfile.encoding=GBK -Duser.country=CN -Duser.language=zh -Duser.variant 
java_command: org.gradle.launcher.daemon.bootstrap.GradleDaemon 4.4
java_class_path (initial): C:\Users\Administrator\.gradle\wrapper\dists\gradle-4.4-all\9br9xq1tocpiv8o6njlyu5op1\gradle-4.4\lib\gradle-launcher-4.4.jar
Launcher Type: SUN_STANDARD

Environment Variables:
JAVA_HOME=C:\Program Files\Java\jdk1.8.0_171
CLASSPATH=.;C:\Program Files\Java\jdk1.8.0_171\lib;C:\Program Files\Java\jdk1.8.0_171\lib\tools.jar
PATH=C:\Program Files (x86)\Common Files\Oracle\Java\javapath;C:\windows\system32;C:\windows;C:\windows\System32\Wbem;C:\windows\System32\WindowsPowerShell\v1.0\;H:\Nodejs\;C:\Program Files\MySQL\MySQL Server 5.7\bin;H:\Git\cmd;C:\Program Files\apache-tomcat-9.0.7\bin;C:\Program Files\Java\jdk1.8.0_171\bin;C:\Program Files\Java\jdk1.8.0_171\jre\bin;G:\svn\bin;C:\Users\Administrator\AppData\Roaming\npm;C:\Users\Administrator\AppData\Local\GitHubDesktop\bin;H:\Microsoft VS Code\bin
USERNAME=Administrator
OS=Windows_NT
PROCESSOR_IDENTIFIER=Intel64 Family 6 Model 60 Stepping 3, GenuineIntel



---------------  S Y S T E M  ---------------

OS: Windows 7 , 64 bit Build 7601 (6.1.7601.24168)

CPU:total 8 (initial active 8) (4 cores per cpu, 2 threads per core) family 6 model 60 stepping 3, cmov, cx8, fxsr, mmx, sse, sse2, sse3, ssse3, sse4.1, sse4.2, popcnt, avx, avx2, aes, clmul, erms, lzcnt, ht, tsc, tscinvbit, bmi1, bmi2

Memory: 4k page, physical 8269884k(602156k free), swap 16537892k(6356596k free)

vm_info: OpenJDK 64-Bit Server VM (25.152-b02) for windows-amd64 JRE (1.8.0_152-release-1024-b02), built by "builder" with MS VC++ 10.0 (VS2010)

time: Fri Jul 20 10:42:39 2018
elapsed time: 6986 seconds (0d 1h 56m 26s)

